<?xml version="1.0" encoding="UTF-8"?>
<coverage generated="1638796474905" clover="3.2.0">
  <project timestamp="1638796474905" name="All files">
    <metrics statements="45" coveredstatements="38" conditionals="27" coveredconditionals="13" methods="21" coveredmethods="19" elements="93" coveredelements="70" complexity="0" loc="45" ncloc="45" packages="2" files="16" classes="16"/>
    <package name="src">
      <metrics statements="19" coveredstatements="19" conditionals="17" coveredconditionals="8" methods="6" coveredmethods="6"/>
      <file name="consts.js" path="C:\Users\TimVanOnckelen\source\repos\mock-xrm\src\consts.js">
        <metrics statements="9" coveredstatements="9" conditionals="4" coveredconditionals="2" methods="0" coveredmethods="0"/>
        <line num="1" count="4" type="stmt"/>
        <line num="2" count="4" type="cond" truecount="1" falsecount="1"/>
        <line num="3" count="4" type="stmt"/>
        <line num="4" count="4" type="stmt"/>
        <line num="5" count="4" type="stmt"/>
        <line num="6" count="4" type="stmt"/>
        <line num="7" count="4" type="stmt"/>
        <line num="8" count="4" type="cond" truecount="1" falsecount="1"/>
        <line num="9" count="4" type="stmt"/>
      </file>
      <file name="retrieve.js" path="C:\Users\TimVanOnckelen\source\repos\mock-xrm\src\retrieve.js">
        <metrics statements="4" coveredstatements="4" conditionals="3" coveredconditionals="2" methods="1" coveredmethods="1"/>
        <line num="4" count="1" type="cond" truecount="1" falsecount="0"/>
        <line num="5" count="1" type="stmt"/>
        <line num="6" count="1" type="cond" truecount="1" falsecount="1"/>
        <line num="7" count="1" type="stmt"/>
      </file>
      <file name="retrieveMetadata.js" path="C:\Users\TimVanOnckelen\source\repos\mock-xrm\src\retrieveMetadata.js">
        <metrics statements="1" coveredstatements="1" conditionals="1" coveredconditionals="1" methods="1" coveredmethods="1"/>
        <line num="3" count="3" type="cond" truecount="1" falsecount="0"/>
      </file>
      <file name="retrieveMetadataWrapper.js" path="C:\Users\TimVanOnckelen\source\repos\mock-xrm\src\retrieveMetadataWrapper.js">
        <metrics statements="1" coveredstatements="1" conditionals="1" coveredconditionals="1" methods="1" coveredmethods="1"/>
        <line num="5" count="3" type="cond" truecount="1" falsecount="0"/>
      </file>
      <file name="retrieveMetadataWrapperMemo.js" path="C:\Users\TimVanOnckelen\source\repos\mock-xrm\src\retrieveMetadataWrapperMemo.js">
        <metrics statements="1" coveredstatements="1" conditionals="0" coveredconditionals="0" methods="0" coveredmethods="0"/>
        <line num="4" count="2" type="stmt"/>
      </file>
      <file name="retrieveMultiple.js" path="C:\Users\TimVanOnckelen\source\repos\mock-xrm\src\retrieveMultiple.js">
        <metrics statements="1" coveredstatements="1" conditionals="6" coveredconditionals="0" methods="2" coveredmethods="2"/>
        <line num="4" count="1" type="cond" truecount="0" falsecount="6"/>
      </file>
      <file name="retrieveMultipleWrapper.js" path="C:\Users\TimVanOnckelen\source\repos\mock-xrm\src\retrieveMultipleWrapper.js">
        <metrics statements="2" coveredstatements="2" conditionals="2" coveredconditionals="2" methods="1" coveredmethods="1"/>
        <line num="6" count="1" type="stmt"/>
        <line num="11" count="1" type="stmt"/>
      </file>
    </package>
    <package name="src.utility">
      <metrics statements="26" coveredstatements="19" conditionals="10" coveredconditionals="5" methods="15" coveredmethods="13"/>
      <file name="collectionNameGenerator.js" path="C:\Users\TimVanOnckelen\source\repos\mock-xrm\src\utility\collectionNameGenerator.js">
        <metrics statements="7" coveredstatements="3" conditionals="2" coveredconditionals="0" methods="1" coveredmethods="1"/>
        <line num="1" count="1" type="stmt"/>
        <line num="2" count="1" type="stmt"/>
        <line num="3" count="1" type="stmt"/>
        <line num="4" count="0" type="stmt"/>
        <line num="6" count="0" type="cond" truecount="0" falsecount="2"/>
        <line num="7" count="0" type="stmt"/>
        <line num="10" count="0" type="stmt"/>
      </file>
      <file name="composeM.js" path="C:\Users\TimVanOnckelen\source\repos\mock-xrm\src\utility\composeM.js">
        <metrics statements="1" coveredstatements="1" conditionals="0" coveredconditionals="0" methods="4" coveredmethods="4"/>
        <line num="1" count="6" type="stmt"/>
      </file>
      <file name="composePromises.js" path="C:\Users\TimVanOnckelen\source\repos\mock-xrm\src\utility\composePromises.js">
        <metrics statements="1" coveredstatements="1" conditionals="0" coveredconditionals="0" methods="0" coveredmethods="0"/>
        <line num="3" count="3" type="stmt"/>
      </file>
      <file name="executeFetch.js" path="C:\Users\TimVanOnckelen\source\repos\mock-xrm\src\utility\executeFetch.js">
        <metrics statements="5" coveredstatements="4" conditionals="6" coveredconditionals="3" methods="4" coveredmethods="4"/>
        <line num="5" count="4" type="stmt"/>
        <line num="6" count="4" type="stmt"/>
        <line num="7" count="4" type="cond" truecount="1" falsecount="1"/>
        <line num="8" count="0" type="stmt"/>
        <line num="10" count="4" type="cond" truecount="1" falsecount="1"/>
      </file>
      <file name="executeGet.js" path="C:\Users\TimVanOnckelen\source\repos\mock-xrm\src\utility\executeGet.js">
        <metrics statements="1" coveredstatements="1" conditionals="0" coveredconditionals="0" methods="0" coveredmethods="0"/>
        <line num="4" count="3" type="stmt"/>
      </file>
      <file name="isOnPremises.js" path="C:\Users\TimVanOnckelen\source\repos\mock-xrm\src\utility\isOnPremises.js">
        <metrics statements="1" coveredstatements="1" conditionals="0" coveredconditionals="0" methods="1" coveredmethods="1"/>
        <line num="3" count="6" type="stmt"/>
      </file>
      <file name="jsonResult.js" path="C:\Users\TimVanOnckelen\source\repos\mock-xrm\src\utility\jsonResult.js">
        <metrics statements="1" coveredstatements="1" conditionals="0" coveredconditionals="0" methods="1" coveredmethods="1"/>
        <line num="1" count="3" type="stmt"/>
      </file>
      <file name="memoize.js" path="C:\Users\TimVanOnckelen\source\repos\mock-xrm\src\utility\memoize.js">
        <metrics statements="6" coveredstatements="6" conditionals="2" coveredconditionals="2" methods="2" coveredmethods="2"/>
        <line num="1" count="3" type="stmt"/>
        <line num="2" count="5" type="stmt"/>
        <line num="4" count="5" type="stmt"/>
        <line num="5" count="2" type="stmt"/>
        <line num="6" count="2" type="cond" truecount="2" falsecount="0"/>
        <line num="7" count="2" type="stmt"/>
      </file>
      <file name="orgUniqueName.js" path="C:\Users\TimVanOnckelen\source\repos\mock-xrm\src\utility\orgUniqueName.js">
        <metrics statements="3" coveredstatements="1" conditionals="0" coveredconditionals="0" methods="2" coveredmethods="0"/>
        <line num="3" count="3" type="stmt"/>
        <line num="4" count="0" type="stmt"/>
        <line num="5" count="0" type="stmt"/>
      </file>
    </package>
  </project>
</coverage>
