{"C:\\Users\\TimVanOnckelen\\source\\repos\\mock-xrm\\src\\consts.js": {"path":"C:\\Users\\TimVanOnckelen\\source\\repos\\mock-xrm\\src\\consts.js","statementMap":{"0":{"start":{"line":1,"column":18},"end":{"line":1,"column":53}},"1":{"start":{"line":2,"column":15},"end":{"line":2,"column":79}},"2":{"start":{"line":3,"column":15},"end":{"line":3,"column":23}},"3":{"start":{"line":4,"column":12},"end":{"line":4,"column":17}},"4":{"start":{"line":5,"column":13},"end":{"line":5,"column":19}},"5":{"start":{"line":6,"column":14},"end":{"line":6,"column":21}},"6":{"start":{"line":7,"column":15},"end":{"line":7,"column":23}},"7":{"start":{"line":8,"column":19},"end":{"line":8,"column":67}},"8":{"start":{"line":9,"column":21},"end":{"line":9,"column":93}}},"fnMap":{},"branchMap":{"0":{"loc":{"start":{"line":2,"column":18},"end":{"line":2,"column":63}},"type":"cond-expr","locations":[{"start":{"line":2,"column":49},"end":{"line":2,"column":58}},{"start":{"line":2,"column":61},"end":{"line":2,"column":63}}],"line":2},"1":{"loc":{"start":{"line":8,"column":19},"end":{"line":8,"column":67}},"type":"binary-expr","locations":[{"start":{"line":8,"column":19},"end":{"line":8,"column":48}},{"start":{"line":8,"column":52},"end":{"line":8,"column":67}}],"line":8}},"s":{"0":4,"1":4,"2":4,"3":4,"4":4,"5":4,"6":4,"7":4,"8":4},"f":{},"b":{"0":[4,0],"1":[4,0]},"_coverageSchema":"1a1c01bbd47fc00a2c39e90264f33305004495a9","hash":"954e6d10c42b9091c6e80824757ce1ab4df564f7"}
,"C:\\Users\\TimVanOnckelen\\source\\repos\\mock-xrm\\src\\retrieve.js": {"path":"C:\\Users\\TimVanOnckelen\\source\\repos\\mock-xrm\\src\\retrieve.js","statementMap":{"0":{"start":{"line":4,"column":17},"end":{"line":8,"column":1}},"1":{"start":{"line":5,"column":15},"end":{"line":5,"column":67}},"2":{"start":{"line":6,"column":17},"end":{"line":6,"column":115}},"3":{"start":{"line":7,"column":4},"end":{"line":7,"column":25}}},"fnMap":{"0":{"name":"(anonymous_0)","decl":{"start":{"line":4,"column":17},"end":{"line":4,"column":18}},"loc":{"start":{"line":4,"column":64},"end":{"line":8,"column":1}},"line":4}},"branchMap":{"0":{"loc":{"start":{"line":4,"column":47},"end":{"line":4,"column":59}},"type":"default-arg","locations":[{"start":{"line":4,"column":57},"end":{"line":4,"column":59}}],"line":4},"1":{"loc":{"start":{"line":6,"column":88},"end":{"line":6,"column":110}},"type":"cond-expr","locations":[{"start":{"line":6,"column":98},"end":{"line":6,"column":105}},{"start":{"line":6,"column":108},"end":{"line":6,"column":110}}],"line":6}},"s":{"0":1,"1":1,"2":1,"3":1},"f":{"0":1},"b":{"0":[1],"1":[0,1]},"_coverageSchema":"1a1c01bbd47fc00a2c39e90264f33305004495a9","hash":"745231a1d45b555f5d84d3575949c0deb00abe07"}
,"C:\\Users\\TimVanOnckelen\\source\\repos\\mock-xrm\\src\\retrieveMetadata.js": {"path":"C:\\Users\\TimVanOnckelen\\source\\repos\\mock-xrm\\src\\retrieveMetadata.js","statementMap":{"0":{"start":{"line":3,"column":25},"end":{"line":3,"column":274}},"1":{"start":{"line":3,"column":65},"end":{"line":3,"column":274}}},"fnMap":{"0":{"name":"(anonymous_0)","decl":{"start":{"line":3,"column":25},"end":{"line":3,"column":26}},"loc":{"start":{"line":3,"column":65},"end":{"line":3,"column":274}},"line":3}},"branchMap":{"0":{"loc":{"start":{"line":3,"column":45},"end":{"line":3,"column":60}},"type":"default-arg","locations":[{"start":{"line":3,"column":58},"end":{"line":3,"column":60}}],"line":3}},"s":{"0":3,"1":3},"f":{"0":3},"b":{"0":[3]},"_coverageSchema":"1a1c01bbd47fc00a2c39e90264f33305004495a9","hash":"c90cb31ddf834a26884c1205d34b92b22bd9c2b1"}
,"C:\\Users\\TimVanOnckelen\\source\\repos\\mock-xrm\\src\\retrieveMetadataWrapper.js": {"path":"C:\\Users\\TimVanOnckelen\\source\\repos\\mock-xrm\\src\\retrieveMetadataWrapper.js","statementMap":{"0":{"start":{"line":5,"column":32},"end":{"line":5,"column":148}},"1":{"start":{"line":5,"column":72},"end":{"line":5,"column":148}}},"fnMap":{"0":{"name":"(anonymous_0)","decl":{"start":{"line":5,"column":32},"end":{"line":5,"column":33}},"loc":{"start":{"line":5,"column":72},"end":{"line":5,"column":148}},"line":5}},"branchMap":{"0":{"loc":{"start":{"line":5,"column":52},"end":{"line":5,"column":67}},"type":"default-arg","locations":[{"start":{"line":5,"column":65},"end":{"line":5,"column":67}}],"line":5}},"s":{"0":3,"1":3},"f":{"0":3},"b":{"0":[3]},"_coverageSchema":"1a1c01bbd47fc00a2c39e90264f33305004495a9","hash":"f1f2bda9ad5aff44c2a9f7b74344470e802a5e67"}
,"C:\\Users\\TimVanOnckelen\\source\\repos\\mock-xrm\\src\\retrieveMetadataWrapperMemo.js": {"path":"C:\\Users\\TimVanOnckelen\\source\\repos\\mock-xrm\\src\\retrieveMetadataWrapperMemo.js","statementMap":{"0":{"start":{"line":4,"column":36},"end":{"line":4,"column":61}}},"fnMap":{},"branchMap":{},"s":{"0":2},"f":{},"b":{},"_coverageSchema":"1a1c01bbd47fc00a2c39e90264f33305004495a9","hash":"15dea00c8901fd76f0ae41ffc8e44949cb422fd2"}
,"C:\\Users\\TimVanOnckelen\\source\\repos\\mock-xrm\\src\\retrieveMultiple.js": {"path":"C:\\Users\\TimVanOnckelen\\source\\repos\\mock-xrm\\src\\retrieveMultiple.js","statementMap":{"0":{"start":{"line":4,"column":25},"end":{"line":4,"column":279}},"1":{"start":{"line":4,"column":61},"end":{"line":4,"column":279}},"2":{"start":{"line":4,"column":89},"end":{"line":4,"column":279}}},"fnMap":{"0":{"name":"(anonymous_0)","decl":{"start":{"line":4,"column":25},"end":{"line":4,"column":26}},"loc":{"start":{"line":4,"column":61},"end":{"line":4,"column":279}},"line":4},"1":{"name":"(anonymous_1)","decl":{"start":{"line":4,"column":61},"end":{"line":4,"column":62}},"loc":{"start":{"line":4,"column":89},"end":{"line":4,"column":279}},"line":4}},"branchMap":{"0":{"loc":{"start":{"line":4,"column":26},"end":{"line":4,"column":38}},"type":"default-arg","locations":[{"start":{"line":4,"column":36},"end":{"line":4,"column":38}}],"line":4},"1":{"loc":{"start":{"line":4,"column":40},"end":{"line":4,"column":56}},"type":"default-arg","locations":[{"start":{"line":4,"column":54},"end":{"line":4,"column":56}}],"line":4},"2":{"loc":{"start":{"line":4,"column":157},"end":{"line":4,"column":179}},"type":"cond-expr","locations":[{"start":{"line":4,"column":167},"end":{"line":4,"column":174}},{"start":{"line":4,"column":177},"end":{"line":4,"column":179}}],"line":4},"3":{"loc":{"start":{"line":4,"column":183},"end":{"line":4,"column":278}},"type":"cond-expr","locations":[{"start":{"line":4,"column":197},"end":{"line":4,"column":273}},{"start":{"line":4,"column":276},"end":{"line":4,"column":278}}],"line":4}},"s":{"0":1,"1":1,"2":1},"f":{"0":1,"1":1},"b":{"0":[0],"1":[0],"2":[0,1],"3":[0,1]},"_coverageSchema":"1a1c01bbd47fc00a2c39e90264f33305004495a9","hash":"9ef70e506099b4c91c6ad9d7a232c1b3dc664e8c"}
,"C:\\Users\\TimVanOnckelen\\source\\repos\\mock-xrm\\src\\retrieveMultipleWrapper.js": {"path":"C:\\Users\\TimVanOnckelen\\source\\repos\\mock-xrm\\src\\retrieveMultipleWrapper.js","statementMap":{"0":{"start":{"line":6,"column":32},"end":{"line":15,"column":22}},"1":{"start":{"line":11,"column":2},"end":{"line":15,"column":22}}},"fnMap":{"0":{"name":"(anonymous_0)","decl":{"start":{"line":6,"column":32},"end":{"line":6,"column":33}},"loc":{"start":{"line":11,"column":2},"end":{"line":15,"column":22}},"line":11}},"branchMap":{"0":{"loc":{"start":{"line":8,"column":2},"end":{"line":8,"column":14}},"type":"default-arg","locations":[{"start":{"line":8,"column":12},"end":{"line":8,"column":14}}],"line":8},"1":{"loc":{"start":{"line":9,"column":2},"end":{"line":9,"column":18}},"type":"default-arg","locations":[{"start":{"line":9,"column":16},"end":{"line":9,"column":18}}],"line":9}},"s":{"0":1,"1":1},"f":{"0":1},"b":{"0":[1],"1":[1]},"_coverageSchema":"1a1c01bbd47fc00a2c39e90264f33305004495a9","hash":"62e7975e81f72c44558c9c9d76511f4dd613eee0"}
,"C:\\Users\\TimVanOnckelen\\source\\repos\\mock-xrm\\src\\utility\\collectionNameGenerator.js": {"path":"C:\\Users\\TimVanOnckelen\\source\\repos\\mock-xrm\\src\\utility\\collectionNameGenerator.js","statementMap":{"0":{"start":{"line":1,"column":32},"end":{"line":13,"column":1}},"1":{"start":{"line":2,"column":4},"end":{"line":11,"column":5}},"2":{"start":{"line":3,"column":21},"end":{"line":3,"column":47}},"3":{"start":{"line":4,"column":21},"end":{"line":4,"column":24}},"4":{"start":{"line":6,"column":4},"end":{"line":8,"column":5}},"5":{"start":{"line":7,"column":8},"end":{"line":7,"column":26}},"6":{"start":{"line":10,"column":4},"end":{"line":10,"column":27}},"7":{"start":{"line":12,"column":4},"end":{"line":12,"column":16}}},"fnMap":{"0":{"name":"(anonymous_0)","decl":{"start":{"line":1,"column":32},"end":{"line":1,"column":33}},"loc":{"start":{"line":1,"column":47},"end":{"line":13,"column":1}},"line":1}},"branchMap":{"0":{"loc":{"start":{"line":2,"column":4},"end":{"line":11,"column":5}},"type":"if","locations":[{"start":{"line":2,"column":4},"end":{"line":11,"column":5}},{"start":{"line":2,"column":4},"end":{"line":11,"column":5}}],"line":2},"1":{"loc":{"start":{"line":6,"column":4},"end":{"line":8,"column":5}},"type":"if","locations":[{"start":{"line":6,"column":4},"end":{"line":8,"column":5}},{"start":{"line":6,"column":4},"end":{"line":8,"column":5}}],"line":6}},"s":{"0":1,"1":1,"2":0,"3":0,"4":0,"5":0,"6":0,"7":1},"f":{"0":1},"b":{"0":[0,1],"1":[0,0]},"_coverageSchema":"1a1c01bbd47fc00a2c39e90264f33305004495a9","hash":"d95c23a4504c283dbcff970333e57e5b91c5574d"}
,"C:\\Users\\TimVanOnckelen\\source\\repos\\mock-xrm\\src\\utility\\composeM.js": {"path":"C:\\Users\\TimVanOnckelen\\source\\repos\\mock-xrm\\src\\utility\\composeM.js","statementMap":{"0":{"start":{"line":1,"column":17},"end":{"line":1,"column":91}},"1":{"start":{"line":1,"column":32},"end":{"line":1,"column":91}},"2":{"start":{"line":1,"column":44},"end":{"line":1,"column":90}},"3":{"start":{"line":1,"column":64},"end":{"line":1,"column":89}},"4":{"start":{"line":1,"column":69},"end":{"line":1,"column":89}}},"fnMap":{"0":{"name":"(anonymous_0)","decl":{"start":{"line":1,"column":17},"end":{"line":1,"column":18}},"loc":{"start":{"line":1,"column":32},"end":{"line":1,"column":91}},"line":1},"1":{"name":"(anonymous_1)","decl":{"start":{"line":1,"column":32},"end":{"line":1,"column":33}},"loc":{"start":{"line":1,"column":44},"end":{"line":1,"column":90}},"line":1},"2":{"name":"(anonymous_2)","decl":{"start":{"line":1,"column":54},"end":{"line":1,"column":55}},"loc":{"start":{"line":1,"column":64},"end":{"line":1,"column":89}},"line":1},"3":{"name":"(anonymous_3)","decl":{"start":{"line":1,"column":64},"end":{"line":1,"column":65}},"loc":{"start":{"line":1,"column":69},"end":{"line":1,"column":89}},"line":1}},"branchMap":{},"s":{"0":4,"1":4,"2":5,"3":6,"4":6},"f":{"0":4,"1":5,"2":6,"3":6},"b":{},"_coverageSchema":"1a1c01bbd47fc00a2c39e90264f33305004495a9","hash":"7921aea12dbb873d77756b7907cd7a310e012997"}
,"C:\\Users\\TimVanOnckelen\\source\\repos\\mock-xrm\\src\\utility\\composePromises.js": {"path":"C:\\Users\\TimVanOnckelen\\source\\repos\\mock-xrm\\src\\utility\\composePromises.js","statementMap":{"0":{"start":{"line":3,"column":24},"end":{"line":3,"column":40}}},"fnMap":{},"branchMap":{},"s":{"0":3},"f":{},"b":{},"_coverageSchema":"1a1c01bbd47fc00a2c39e90264f33305004495a9","hash":"7045d8e8e1ec1af34becbef06cd7c9092f044b73"}
,"C:\\Users\\TimVanOnckelen\\source\\repos\\mock-xrm\\src\\utility\\executeFetch.js": {"path":"C:\\Users\\TimVanOnckelen\\source\\repos\\mock-xrm\\src\\utility\\executeFetch.js","statementMap":{"0":{"start":{"line":5,"column":21},"end":{"line":17,"column":1}},"1":{"start":{"line":5,"column":33},"end":{"line":17,"column":1}},"2":{"start":{"line":5,"column":43},"end":{"line":17,"column":1}},"3":{"start":{"line":5,"column":55},"end":{"line":17,"column":1}},"4":{"start":{"line":6,"column":16},"end":{"line":6,"column":18}},"5":{"start":{"line":7,"column":2},"end":{"line":9,"column":3}},"6":{"start":{"line":8,"column":4},"end":{"line":8,"column":36}},"7":{"start":{"line":10,"column":2},"end":{"line":16,"column":5}}},"fnMap":{"0":{"name":"(anonymous_0)","decl":{"start":{"line":5,"column":21},"end":{"line":5,"column":22}},"loc":{"start":{"line":5,"column":33},"end":{"line":17,"column":1}},"line":5},"1":{"name":"(anonymous_1)","decl":{"start":{"line":5,"column":33},"end":{"line":5,"column":34}},"loc":{"start":{"line":5,"column":43},"end":{"line":17,"column":1}},"line":5},"2":{"name":"(anonymous_2)","decl":{"start":{"line":5,"column":43},"end":{"line":5,"column":44}},"loc":{"start":{"line":5,"column":55},"end":{"line":17,"column":1}},"line":5},"3":{"name":"(anonymous_3)","decl":{"start":{"line":5,"column":55},"end":{"line":5,"column":56}},"loc":{"start":{"line":5,"column":74},"end":{"line":17,"column":1}},"line":5}},"branchMap":{"0":{"loc":{"start":{"line":7,"column":2},"end":{"line":9,"column":3}},"type":"if","locations":[{"start":{"line":7,"column":2},"end":{"line":9,"column":3}},{"start":{"line":7,"column":2},"end":{"line":9,"column":3}}],"line":7},"1":{"loc":{"start":{"line":10,"column":18},"end":{"line":10,"column":51}},"type":"cond-expr","locations":[{"start":{"line":10,"column":28},"end":{"line":10,"column":41}},{"start":{"line":10,"column":44},"end":{"line":10,"column":51}}],"line":10},"2":{"loc":{"start":{"line":15,"column":10},"end":{"line":15,"column":38}},"type":"binary-expr","locations":[{"start":{"line":15,"column":10},"end":{"line":15,"column":14}},{"start":{"line":15,"column":18},"end":{"line":15,"column":38}}],"line":15}},"s":{"0":3,"1":3,"2":3,"3":5,"4":5,"5":5,"6":0,"7":5},"f":{"0":3,"1":3,"2":5,"3":5},"b":{"0":[0,5],"1":[0,5],"2":[5,0]},"_coverageSchema":"1a1c01bbd47fc00a2c39e90264f33305004495a9","hash":"90e8d22f079aa91596e87f56eff92274afdf574e"}
,"C:\\Users\\TimVanOnckelen\\source\\repos\\mock-xrm\\src\\utility\\executeGet.js": {"path":"C:\\Users\\TimVanOnckelen\\source\\repos\\mock-xrm\\src\\utility\\executeGet.js","statementMap":{"0":{"start":{"line":4,"column":19},"end":{"line":4,"column":38}}},"fnMap":{},"branchMap":{},"s":{"0":3},"f":{},"b":{},"_coverageSchema":"1a1c01bbd47fc00a2c39e90264f33305004495a9","hash":"e6918939f6ba751c126418a8f061326ba924eb66"}
,"C:\\Users\\TimVanOnckelen\\source\\repos\\mock-xrm\\src\\utility\\isOnPremises.js": {"path":"C:\\Users\\TimVanOnckelen\\source\\repos\\mock-xrm\\src\\utility\\isOnPremises.js","statementMap":{"0":{"start":{"line":3,"column":21},"end":{"line":3,"column":60}},"1":{"start":{"line":3,"column":27},"end":{"line":3,"column":60}}},"fnMap":{"0":{"name":"(anonymous_0)","decl":{"start":{"line":3,"column":21},"end":{"line":3,"column":22}},"loc":{"start":{"line":3,"column":27},"end":{"line":3,"column":60}},"line":3}},"branchMap":{},"s":{"0":4,"1":7},"f":{"0":7},"b":{},"_coverageSchema":"1a1c01bbd47fc00a2c39e90264f33305004495a9","hash":"9c76e502ba1b6d10a4b7cc02d9ebeb3387673987"}
,"C:\\Users\\TimVanOnckelen\\source\\repos\\mock-xrm\\src\\utility\\jsonResult.js": {"path":"C:\\Users\\TimVanOnckelen\\source\\repos\\mock-xrm\\src\\utility\\jsonResult.js","statementMap":{"0":{"start":{"line":1,"column":19},"end":{"line":1,"column":42}},"1":{"start":{"line":1,"column":29},"end":{"line":1,"column":42}}},"fnMap":{"0":{"name":"(anonymous_0)","decl":{"start":{"line":1,"column":19},"end":{"line":1,"column":20}},"loc":{"start":{"line":1,"column":29},"end":{"line":1,"column":42}},"line":1}},"branchMap":{},"s":{"0":3,"1":4},"f":{"0":4},"b":{},"_coverageSchema":"1a1c01bbd47fc00a2c39e90264f33305004495a9","hash":"cef921214f9798f7d8efc7b12185dfcc3e96ed0b"}
,"C:\\Users\\TimVanOnckelen\\source\\repos\\mock-xrm\\src\\utility\\memoize.js": {"path":"C:\\Users\\TimVanOnckelen\\source\\repos\\mock-xrm\\src\\utility\\memoize.js","statementMap":{"0":{"start":{"line":1,"column":16},"end":{"line":9,"column":1}},"1":{"start":{"line":2,"column":16},"end":{"line":2,"column":18}},"2":{"start":{"line":4,"column":4},"end":{"line":8,"column":6}},"3":{"start":{"line":5,"column":19},"end":{"line":5,"column":44}},"4":{"start":{"line":6,"column":8},"end":{"line":6,"column":67}},"5":{"start":{"line":7,"column":8},"end":{"line":7,"column":27}}},"fnMap":{"0":{"name":"(anonymous_0)","decl":{"start":{"line":1,"column":16},"end":{"line":1,"column":17}},"loc":{"start":{"line":1,"column":33},"end":{"line":9,"column":1}},"line":1},"1":{"name":"(anonymous_1)","decl":{"start":{"line":4,"column":11},"end":{"line":4,"column":12}},"loc":{"start":{"line":4,"column":29},"end":{"line":8,"column":5}},"line":4}},"branchMap":{"0":{"loc":{"start":{"line":6,"column":22},"end":{"line":6,"column":66}},"type":"binary-expr","locations":[{"start":{"line":6,"column":22},"end":{"line":6,"column":33}},{"start":{"line":6,"column":37},"end":{"line":6,"column":66}}],"line":6}},"s":{"0":3,"1":5,"2":5,"3":2,"4":2,"5":2},"f":{"0":5,"1":2},"b":{"0":[2,2]},"_coverageSchema":"1a1c01bbd47fc00a2c39e90264f33305004495a9","hash":"3b4f497b7bfb7c7f6b358f14151c7157a5ef41c0"}
,"C:\\Users\\TimVanOnckelen\\source\\repos\\mock-xrm\\src\\utility\\orgUniqueName.js": {"path":"C:\\Users\\TimVanOnckelen\\source\\repos\\mock-xrm\\src\\utility\\orgUniqueName.js","statementMap":{"0":{"start":{"line":3,"column":22},"end":{"line":6,"column":2}},"1":{"start":{"line":4,"column":17},"end":{"line":4,"column":99}},"2":{"start":{"line":5,"column":4},"end":{"line":5,"column":97}},"3":{"start":{"line":5,"column":38},"end":{"line":5,"column":95}}},"fnMap":{"0":{"name":"(anonymous_0)","decl":{"start":{"line":3,"column":30},"end":{"line":3,"column":31}},"loc":{"start":{"line":3,"column":42},"end":{"line":6,"column":1}},"line":3},"1":{"name":"(anonymous_1)","decl":{"start":{"line":5,"column":30},"end":{"line":5,"column":31}},"loc":{"start":{"line":5,"column":38},"end":{"line":5,"column":95}},"line":5}},"branchMap":{},"s":{"0":3,"1":0,"2":0,"3":0},"f":{"0":0,"1":0},"b":{},"_coverageSchema":"1a1c01bbd47fc00a2c39e90264f33305004495a9","hash":"e89faf2cb97530fdcba1e0cfdd62704ecfcdc313"}
}
